<?xml version="1.0" encoding="UTF-8"?>
<testsuite name="com.PhoneBook.tests.HomePageTest" tests="1" skipped="0" failures="0" errors="0" timestamp="2023-04-20T12:59:41" hostname="YARKO" time="0.017">
  <properties/>
  <testcase name="openHomePageTest" classname="com.PhoneBook.tests.HomePageTest" time="0.017"/>
  <system-out><![CDATA[17:59:41.670 [Test worker] INFO  com.PhoneBook.tests.TestBase -- Start test openHomePageTest with data: []
17:59:41.687 [Test worker] INFO  com.PhoneBook.tests.TestBase -- PASSED: openHomePageTest
17:59:41.687 [Test worker] INFO  com.PhoneBook.tests.TestBase -- ===================================================
]]></system-out>
  <system-err><![CDATA[]]></system-err>
</testsuite>
