<?xml version="1.0" encoding="UTF-8"?>
<testsuite name="com.PhoneBook.tests.CreateAccountTests" tests="3" skipped="0" failures="0" errors="0" timestamp="2023-04-18T22:47:51" hostname="YARKO" time="3.512">
  <properties/>
  <testcase name="newUserRegistrationWithInvalidPasswordNegativeTest[0](User{email='kan-jun@gm.co', password='kankankankan'})" classname="com.PhoneBook.tests.CreateAccountTests" time="1.199"/>
  <testcase name="newUserRegistrationWithInvalidPasswordNegativeTest[1](User{email='maxJun@gm.co', password='maxmax12345'})" classname="com.PhoneBook.tests.CreateAccountTests" time="1.162"/>
  <testcase name="newUserRegistrationWithInvalidPasswordNegativeTest[2](User{email='tony-jun@gm.co', password='tonytony$$$'})" classname="com.PhoneBook.tests.CreateAccountTests" time="1.116"/>
  <system-out><![CDATA[03:47:39.084 [Test worker] INFO  com.PhoneBook.tests.TestBase -- Start test newUserRegistrationWithInvalidPasswordNegativeTest with data: [User{email='kan-jun@gm.co', password='kankankankan'}]
03:47:52.445 [Test worker] INFO  com.PhoneBook.tests.TestBase -- PASSED: newUserRegistrationWithInvalidPasswordNegativeTest
03:47:52.445 [Test worker] INFO  com.PhoneBook.tests.TestBase -- ===================================================
03:47:52.449 [Test worker] INFO  com.PhoneBook.tests.TestBase -- Start test newUserRegistrationWithInvalidPasswordNegativeTest with data: [User{email='maxJun@gm.co', password='maxmax12345'}]
03:47:53.627 [Test worker] INFO  com.PhoneBook.tests.TestBase -- PASSED: newUserRegistrationWithInvalidPasswordNegativeTest
03:47:53.628 [Test worker] INFO  com.PhoneBook.tests.TestBase -- ===================================================
03:47:53.629 [Test worker] INFO  com.PhoneBook.tests.TestBase -- Start test newUserRegistrationWithInvalidPasswordNegativeTest with data: [User{email='tony-jun@gm.co', password='tonytony$$$'}]
03:47:54.760 [Test worker] INFO  com.PhoneBook.tests.TestBase -- PASSED: newUserRegistrationWithInvalidPasswordNegativeTest
03:47:54.762 [Test worker] INFO  com.PhoneBook.tests.TestBase -- ===================================================
]]></system-out>
  <system-err><![CDATA[]]></system-err>
</testsuite>
